<?xml version="1.0" encoding="UTF-8" standalone="no"?>
<!DOCTYPE log SYSTEM "logger.dtd">
<log>
<record>
  <date>2023-08-27T21:13:25.982646700Z</date>
  <millis>1693170805982</millis>
  <nanos>646700</nanos>
  <sequence>3</sequence>
  <logger>granicni_prelaz.javaprojekat2023.incident.IncidentUtil</logger>
  <level>SEVERE</level>
  <class>granicni_prelaz.javaprojekat2023.util.SimulationLogger</class>
  <method>log</method>
  <thread>78</thread>
  <exception>
    <message>java.io.EOFException</message>
    <frame>
      <class>java.io.ObjectInputStream$BlockDataInputStream</class>
      <method>peekByte</method>
      <line>3225</line>
    </frame>
    <frame>
      <class>java.io.ObjectInputStream</class>
      <method>readObject0</method>
      <line>1695</line>
    </frame>
    <frame>
      <class>java.io.ObjectInputStream</class>
      <method>readObject</method>
      <line>514</line>
    </frame>
    <frame>
      <class>java.io.ObjectInputStream</class>
      <method>readObject</method>
      <line>472</line>
    </frame>
    <frame>
      <class>granicni_prelaz.javaprojekat2023.incident.IncidentUtil</class>
      <method>readListOfPunishedPersonsFromFile</method>
      <line>67</line>
    </frame>
    <frame>
      <class>granicni_prelaz.javaprojekat2023.util.PoliceRecordWatcher</class>
      <method>run</method>
      <line>50</line>
    </frame>
  </exception>
</record>
</log>
