<?xml version="1.0" encoding="UTF-8" standalone="no"?>
<!DOCTYPE log SYSTEM "logger.dtd">
<log>
<record>
  <date>2023-08-27T21:36:47.823644500Z</date>
  <millis>1693172207823</millis>
  <nanos>644500</nanos>
  <sequence>3</sequence>
  <logger>granicni_prelaz.javaprojekat2023.incident.IncidentUtil</logger>
  <level>SEVERE</level>
  <class>granicni_prelaz.javaprojekat2023.util.SimulationLogger</class>
  <method>log</method>
  <thread>78</thread>
  <exception>
    <message>java.io.EOFException</message>
    <frame>
      <class>java.io.ObjectInputStream$BlockDataInputStream</class>
      <method>readFully</method>
      <line>3371</line>
    </frame>
    <frame>
      <class>java.io.ObjectInputStream$FieldValues</class>
      <method>&lt;init&gt;</method>
      <line>2605</line>
    </frame>
    <frame>
      <class>java.io.ObjectInputStream</class>
      <method>defaultReadObject</method>
      <line>652</line>
    </frame>
    <frame>
      <class>java.util.ArrayList</class>
      <method>readObject</method>
      <line>887</line>
    </frame>
    <frame>
      <class>jdk.internal.reflect.NativeMethodAccessorImpl</class>
      <method>invoke0</method>
    </frame>
    <frame>
      <class>jdk.internal.reflect.NativeMethodAccessorImpl</class>
      <method>invoke</method>
      <line>77</line>
    </frame>
    <frame>
      <class>jdk.internal.reflect.DelegatingMethodAccessorImpl</class>
      <method>invoke</method>
      <line>43</line>
    </frame>
    <frame>
      <class>java.lang.reflect.Method</class>
      <method>invoke</method>
      <line>568</line>
    </frame>
    <frame>
      <class>java.io.ObjectStreamClass</class>
      <method>invokeReadObject</method>
      <line>1231</line>
    </frame>
    <frame>
      <class>java.io.ObjectInputStream</class>
      <method>readSerialData</method>
      <line>2434</line>
    </frame>
    <frame>
      <class>java.io.ObjectInputStream</class>
      <method>readOrdinaryObject</method>
      <line>2268</line>
    </frame>
    <frame>
      <class>java.io.ObjectInputStream</class>
      <method>readObject0</method>
      <line>1744</line>
    </frame>
    <frame>
      <class>java.io.ObjectInputStream$FieldValues</class>
      <method>&lt;init&gt;</method>
      <line>2617</line>
    </frame>
    <frame>
      <class>java.io.ObjectInputStream</class>
      <method>readSerialData</method>
      <line>2468</line>
    </frame>
    <frame>
      <class>java.io.ObjectInputStream</class>
      <method>readOrdinaryObject</method>
      <line>2268</line>
    </frame>
    <frame>
      <class>java.io.ObjectInputStream</class>
      <method>readObject0</method>
      <line>1744</line>
    </frame>
    <frame>
      <class>java.io.ObjectInputStream</class>
      <method>readObject</method>
      <line>514</line>
    </frame>
    <frame>
      <class>java.io.ObjectInputStream</class>
      <method>readObject</method>
      <line>472</line>
    </frame>
    <frame>
      <class>granicni_prelaz.javaprojekat2023.incident.IncidentUtil</class>
      <method>readListOfPunishedPersonsFromFile</method>
      <line>67</line>
    </frame>
    <frame>
      <class>granicni_prelaz.javaprojekat2023.util.PoliceRecordWatcher</class>
      <method>run</method>
      <line>51</line>
    </frame>
  </exception>
</record>
</log>
