<?xml version="1.0" encoding="UTF-8" standalone="no"?>
<!DOCTYPE log SYSTEM "logger.dtd">
<log>
<record>
  <date>2023-08-27T21:30:17.673301200Z</date>
  <millis>1693171817673</millis>
  <nanos>301200</nanos>
  <sequence>4</sequence>
  <logger>granicni_prelaz.javaprojekat2023.incident.IncidentUtil</logger>
  <level>SEVERE</level>
  <class>granicni_prelaz.javaprojekat2023.util.SimulationLogger</class>
  <method>log</method>
  <thread>78</thread>
  <exception>
    <message>java.io.EOFException</message>
    <frame>
      <class>java.io.ObjectInputStream$PeekInputStream</class>
      <method>readFully</method>
      <line>2926</line>
    </frame>
    <frame>
      <class>java.io.ObjectInputStream$BlockDataInputStream</class>
      <method>readUTFBody</method>
      <line>3703</line>
    </frame>
    <frame>
      <class>java.io.ObjectInputStream$BlockDataInputStream</class>
      <method>readUTF</method>
      <line>3491</line>
    </frame>
    <frame>
      <class>java.io.ObjectInputStream</class>
      <method>readString</method>
      <line>2104</line>
    </frame>
    <frame>
      <class>java.io.ObjectInputStream</class>
      <method>readTypeString</method>
      <line>1822</line>
    </frame>
    <frame>
      <class>java.io.ObjectStreamClass</class>
      <method>readNonProxy</method>
      <line>839</line>
    </frame>
    <frame>
      <class>java.io.ObjectInputStream</class>
      <method>readClassDescriptor</method>
      <line>988</line>
    </frame>
    <frame>
      <class>java.io.ObjectInputStream</class>
      <method>readNonProxyDesc</method>
      <line>2034</line>
    </frame>
    <frame>
      <class>java.io.ObjectInputStream</class>
      <method>readClassDesc</method>
      <line>1909</line>
    </frame>
    <frame>
      <class>java.io.ObjectInputStream</class>
      <method>readOrdinaryObject</method>
      <line>2235</line>
    </frame>
    <frame>
      <class>java.io.ObjectInputStream</class>
      <method>readObject0</method>
      <line>1744</line>
    </frame>
    <frame>
      <class>java.io.ObjectInputStream</class>
      <method>readObject</method>
      <line>514</line>
    </frame>
    <frame>
      <class>java.io.ObjectInputStream</class>
      <method>readObject</method>
      <line>472</line>
    </frame>
    <frame>
      <class>granicni_prelaz.javaprojekat2023.incident.IncidentUtil</class>
      <method>readListOfPunishedPersonsFromFile</method>
      <line>67</line>
    </frame>
    <frame>
      <class>granicni_prelaz.javaprojekat2023.util.PoliceRecordWatcher</class>
      <method>run</method>
      <line>59</line>
    </frame>
  </exception>
</record>
</log>
